#
# A fatal error has been detected by the Java Runtime Environment:
#
#  SIGSEGV (0xb) at pc=0x0000000113079acb, pid=71560, tid=0x000000000000a503
#
# JRE version: Java(TM) SE Runtime Environment (8.0_171-b11) (build 1.8.0_171-b11)
# Java VM: Java HotSpot(TM) 64-Bit Server VM (25.171-b11 mixed mode bsd-amd64 compressed oops)
# Problematic frame:
# j  sx.cxp.CuentaPorPagar.<init>(Lorg/springsource/loaded/C;)V+1
#
# Failed to write core dump. Core dumps have been disabled. To enable core dumping, try "ulimit -c unlimited" before starting Java again
#
# If you would like to submit a bug report, please visit:
#   http://bugreport.sun.com/bugreport/
#

---------------  T H R E A D  ---------------

Current thread (0x00007f8ae6c20000):  JavaThread "http-nio-9195-exec-5" daemon [_thread_in_Java, id=42243, stack(0x000070000bc8e000,0x000070000bd8e000)]

siginfo: si_signo: 11 (SIGSEGV), si_code: 1 (SEGV_MAPERR), si_addr: 0x0000000100001fa2

Registers:
RAX=0x0000000100001fa2, RBX=0x000000010f2c5480, RCX=0x0000000100001fa2, RDX=0x000000011305d2bd
RSP=0x000070000bd84ee8, RBP=0x000070000bd84f38, RSI=0x0000000000000007, RDI=0x00007f8ae6c20000
R8 =0x00007f8ae6c20000, R9 =0x00007f8ae6c20000, R10=0x000000010c2f90c0, R11=0x0000000000000014
R12=0x0000000000000000, R13=0x0000000123d1bc21, R14=0x000070000bd84f50, R15=0x00007f8ae6c20000
RIP=0x0000000113079acb, EFLAGS=0x0000000000010a06, ERR=0x0000000000000004
  TRAPNO=0x000000000000000e

Top of Stack: (sp=0x000070000bd84ee8)
0x000070000bd84ee8:   000000011305d2bd 0000000100001fa2
0x000070000bd84ef8:   000070000bd84ef8 0000000123d1bc21
0x000070000bd84f08:   000070000bd84f50 0000000124e5cf88
0x000070000bd84f18:   0000000000000000 0000000123d1bc28
0x000070000bd84f28:   0000000000000000 000070000bd84f48
0x000070000bd84f38:   000070000bd84fb0 00000001130557a7
0x000070000bd84f48:   00000007b7132760 0000000100001fa2
0x000070000bd84f58:   000000000000000c 00007f8ae6c20000
0x000070000bd84f68:   0000000000000001 000000011305571f
0x000070000bd84f78:   0000000123d1bc28 000070000bd85048
0x000070000bd84f88:   000070000bd853a0 000000010000000c
0x000070000bd84f98:   0000000123d1bc28 0000000113068600
0x000070000bd84fa8:   000070000bd853b0 000070000bd85160
0x000070000bd84fb8:   000000010bcef1f6 00007f8a00000001
0x000070000bd84fc8:   00007f8ae6c20000 00007f8ae8c55b90
0x000070000bd84fd8:   000070000bd853a0 00007f8ae8c55bb0
0x000070000bd84fe8:   0000000113068600 010070000bd8da30
0x000070000bd84ff8:   000070000bd853a8 000070000bd85398
0x000070000bd85008:   00007f8ae6c20000 00007f8ae6c20000
0x000070000bd85018:   00007f8ae8c54650 00007f8ae8c55b90
0x000070000bd85028:   00007f8ae8c55bc8 00007f8ae8c55c78
0x000070000bd85038:   00000000000000d8 000070000bd8da30
0x000070000bd85048:   00007f8ae6c20000 00007f8ae89f08c0
0x000070000bd85058:   0000000123d1bc28 00000007b7132760
0x000070000bd85068:   000070000bd85620 000000011357ca37
0x000070000bd85078:   0000000000000000 000070000bd85398
0x000070000bd85088:   000070000bd85148 00007f8ae8c55bb0
0x000070000bd85098:   0000000123d1bc28 00007f8ae6c20000
0x000070000bd850a8:   00007f8ae8c55bb8 00007f8ae5513ff0
0x000070000bd850b8:   00007f8ae5628120 000070000bd850f0
0x000070000bd850c8:   0000000123d1bc28 00007f8ae6c20000
0x000070000bd850d8:   000000010beec6d4 000070000bd85148 

Instructions: (pc=0x0000000113079acb)
0x0000000113079aab:   28 8b ca 81 e1 ff 00 00 00 48 8b 4c cc f8 c1 ea
0x0000000113079abb:   1c 49 ba c0 90 2f 0c 01 00 00 00 49 8b 14 d2 52
0x0000000113079acb:   48 3b 01 48 8b 45 e0 48 85 c0 0f 84 12 00 00 00
0x0000000113079adb:   48 83 40 08 01 48 83 58 08 00 48 83 c0 10 48 89 

Register to memory mapping:

RAX=0x0000000100001fa2 is an unknown value
RBX={method} {0x000000010f2c5480} '<init>' '()V' in 'java/lang/Object'
RCX=0x0000000100001fa2 is an unknown value
RDX=0x000000011305d2bd is at code_begin+2301 in an Interpreter codelet
invoke return entry points  [0x000000011305c9c0, 0x000000011305d3a0]  2528 bytes
RSP=0x000070000bd84ee8 is pointing into the stack for thread: 0x00007f8ae6c20000
RBP=0x000070000bd84f38 is pointing into the stack for thread: 0x00007f8ae6c20000
RSI=0x0000000000000007 is an unknown value
RDI=0x00007f8ae6c20000 is a thread
R8 =0x00007f8ae6c20000 is a thread
R9 =0x00007f8ae6c20000 is a thread
R10=0x000000010c2f90c0: _ZN19TemplateInterpreter20_invoke_return_entryE+0 in /Users/rubencancino/.sdkman/candidates/java/8.0.171-oracle/jre/lib/server/libjvm.dylib at 0x000000010ba00000
R11=0x0000000000000014 is an unknown value
R12=0x0000000000000000 is an unknown value
R13=0x0000000123d1bc21 is pointing into metadata
R14=0x000070000bd84f50 is pointing into the stack for thread: 0x00007f8ae6c20000
R15=0x00007f8ae6c20000 is a thread


Stack: [0x000070000bc8e000,0x000070000bd8e000],  sp=0x000070000bd84ee8,  free space=987k
Native frames: (J=compiled Java code, j=interpreted, Vv=VM code, C=native code)
j  sx.cxp.CuentaPorPagar.<init>(Lorg/springsource/loaded/C;)V+1
v  ~StubRoutines::call_stub
V  [libjvm.dylib+0x2ef1f6]  JavaCalls::call_helper(JavaValue*, methodHandle*, JavaCallArguments*, Thread*)+0x6ae
V  [libjvm.dylib+0x4d590c]  Reflection::invoke(instanceKlassHandle, methodHandle, Handle, bool, objArrayHandle, BasicType, objArrayHandle, bool, Thread*)+0xe12
V  [libjvm.dylib+0x4d5e40]  Reflection::invoke_method(oopDesc*, Handle, objArrayHandle, Thread*)+0x16c
V  [libjvm.dylib+0x34777c]  JVM_InvokeMethod+0x166
J 1788  sun.reflect.NativeMethodAccessorImpl.invoke0(Ljava/lang/reflect/Method;Ljava/lang/Object;[Ljava/lang/Object;)Ljava/lang/Object; (0 bytes) @ 0x000000011357caad [0x000000011357c9c0+0xed]
J 1787 C1 sun.reflect.NativeMethodAccessorImpl.invoke(Ljava/lang/Object;[Ljava/lang/Object;)Ljava/lang/Object; (104 bytes) @ 0x000000011357d18c [0x000000011357cde0+0x3ac]
J 819 C1 sun.reflect.DelegatingMethodAccessorImpl.invoke(Ljava/lang/Object;[Ljava/lang/Object;)Ljava/lang/Object; (10 bytes) @ 0x00000001133f9e84 [0x00000001133f9e40+0x44]
J 818 C1 java.lang.reflect.Method.invoke(Ljava/lang/Object;[Ljava/lang/Object;)Ljava/lang/Object; (62 bytes) @ 0x00000001133f9a64 [0x00000001133f9960+0x104]
J 1794 C1 org.springsource.loaded.ri.ReflectiveInterceptor.jlrMethodInvoke(Ljava/lang/reflect/Method;Ljava/lang/Object;[Ljava/lang/Object;)Ljava/lang/Object; (2214 bytes) @ 0x0000000113583a54 [0x00000001135823e0+0x1674]
J 3978 C1 org.codehaus.groovy.reflection.CachedMethod.invoke(Ljava/lang/Object;[Ljava/lang/Object;)Ljava/lang/Object; (70 bytes) @ 0x0000000113a4f33c [0x0000000113a4f300+0x3c]
J 2022 C1 groovy.lang.MetaMethod.doMethodInvoke(Ljava/lang/Object;[Ljava/lang/Object;)Ljava/lang/Object; (22 bytes) @ 0x00000001135e9814 [0x00000001135e97a0+0x74]
J 4310 C1 org.codehaus.groovy.runtime.metaclass.MethodMetaProperty$GetBeanMethodMetaProperty.getProperty(Ljava/lang/Object;)Ljava/lang/Object; (12 bytes) @ 0x0000000113b23e8c [0x0000000113b23e40+0x4c]
j  org.codehaus.groovy.runtime.callsite.GetEffectivePogoPropertySite.getProperty(Ljava/lang/Object;)Ljava/lang/Object;+5
J 3948 C1 org.codehaus.groovy.runtime.callsite.AbstractCallSite.callGetProperty(Ljava/lang/Object;)Ljava/lang/Object; (12 bytes) @ 0x0000000113a3d5e4 [0x0000000113a3d580+0x64]
j  sx_compras_server_analisisDeFactura__analisisDeFactura_gson$_run_closure1.doCall(Ljava/lang/Object;)Ljava/lang/Object;+333
j  sx_compras_server_analisisDeFactura__analisisDeFactura_gson$_run_closure1.call(Ljava/lang/Object;)Ljava/lang/Object;+79
J 11076 C1 grails.plugin.json.view.api.internal.DefaultGrailsJsonViewHelper.process(Lgrails/plugin/json/builder/StreamingJsonBuilder$StreamingJsonDelegate;Lorg/grails/datastore/mapping/model/PersistentEntity;Ljava/lang/Object;Ljava/util/Map;Ljava/util/List;Ljava/util/List;Ljava/lang/String;ZZLjava/util/List;ZLgroovy/lang/Closure;)V (1905 bytes) @ 0x00000001147994f4 [0x0000000114795520+0x3fd4]
J 9624 C1 sun.reflect.GeneratedMethodAccessor218.invoke(Ljava/lang/Object;[Ljava/lang/Object;)Ljava/lang/Object; (223 bytes) @ 0x000000011449ce14 [0x000000011449c8a0+0x574]
J 819 C1 sun.reflect.DelegatingMethodAccessorImpl.invoke(Ljava/lang/Object;[Ljava/lang/Object;)Ljava/lang/Object; (10 bytes) @ 0x00000001133f9e84 [0x00000001133f9e40+0x44]
J 818 C1 java.lang.reflect.Method.invoke(Ljava/lang/Object;[Ljava/lang/Object;)Ljava/lang/Object; (62 bytes) @ 0x00000001133f9a64 [0x00000001133f9960+0x104]
J 1794 C1 org.springsource.loaded.ri.ReflectiveInterceptor.jlrMethodInvoke(Ljava/lang/reflect/Method;Ljava/lang/Object;[Ljava/lang/Object;)Ljava/lang/Object; (2214 bytes) @ 0x0000000113583bac [0x00000001135823e0+0x17cc]
J 3978 C1 org.codehaus.groovy.reflection.CachedMethod.invoke(Ljava/lang/Object;[Ljava/lang/Object;)Ljava/lang/Object; (70 bytes) @ 0x0000000113a4f33c [0x0000000113a4f300+0x3c]
J 2022 C1 groovy.lang.MetaMethod.doMethodInvoke(Ljava/lang/Object;[Ljava/lang/Object;)Ljava/lang/Object; (22 bytes) @ 0x00000001135e9814 [0x00000001135e97a0+0x74]
J 3979 C1 groovy.lang.MetaClassImpl.invokeMethod(Ljava/lang/Class;Ljava/lang/Object;Ljava/lang/String;[Ljava/lang/Object;ZZ)Ljava/lang/Object; (1088 bytes) @ 0x0000000113a51154 [0x0000000113a4fec0+0x1294]
J 1991 C1 groovy.lang.MetaClassImpl.invokeMethod(Ljava/lang/Object;Ljava/lang/String;[Ljava/lang/Object;)Ljava/lang/Object; (14 bytes) @ 0x00000001135da964 [0x00000001135da900+0x64]
J 8856 C1 org.codehaus.groovy.runtime.InvokerHelper.invokePogoMethod(Ljava/lang/Object;Ljava/lang/String;Ljava/lang/Object;)Ljava/lang/Object; (109 bytes) @ 0x00000001142d0d1c [0x00000001142d0a80+0x29c]
J 2006 C1 org.codehaus.groovy.runtime.InvokerHelper.invokeMethod(Ljava/lang/Object;Ljava/lang/String;Ljava/lang/Object;)Ljava/lang/Object; (66 bytes) @ 0x00000001135e0ccc [0x00000001135e06e0+0x5ec]
J 10115 C1 grails.plugin.json.view.api.internal.DefaultGrailsJsonViewHelper$_renderDefault_closure1.doCall(Lgrails/plugin/json/builder/StreamingJsonBuilder$StreamingJsonDelegate;Ljava/util/List;Ljava/util/List;)Ljava/lang/Object; (125 bytes) @ 0x000000011458c914 [0x000000011458c2a0+0x674]
J 9623 C1 sun.reflect.GeneratedMethodAccessor217.invoke(Ljava/lang/Object;[Ljava/lang/Object;)Ljava/lang/Object; (81 bytes) @ 0x000000011449bcf4 [0x000000011449bb80+0x174]
J 819 C1 sun.reflect.DelegatingMethodAccessorImpl.invoke(Ljava/lang/Object;[Ljava/lang/Object;)Ljava/lang/Object; (10 bytes) @ 0x00000001133f9e84 [0x00000001133f9e40+0x44]
J 818 C1 java.lang.reflect.Method.invoke(Ljava/lang/Object;[Ljava/lang/Object;)Ljava/lang/Object; (62 bytes) @ 0x00000001133f9a64 [0x00000001133f9960+0x104]
J 1794 C1 org.springsource.loaded.ri.ReflectiveInterceptor.jlrMethodInvoke(Ljava/lang/reflect/Method;Ljava/lang/Object;[Ljava/lang/Object;)Ljava/lang/Object; (2214 bytes) @ 0x0000000113583bac [0x00000001135823e0+0x17cc]
J 3978 C1 org.codehaus.groovy.reflection.CachedMethod.invoke(Ljava/lang/Object;[Ljava/lang/Object;)Ljava/lang/Object; (70 bytes) @ 0x0000000113a4f33c [0x0000000113a4f300+0x3c]
J 2022 C1 groovy.lang.MetaMethod.doMethodInvoke(Ljava/lang/Object;[Ljava/lang/Object;)Ljava/lang/Object; (22 bytes) @ 0x00000001135e9814 [0x00000001135e97a0+0x74]
J 3971 C1 org.codehaus.groovy.runtime.metaclass.ClosureMetaClass.invokeMethod(Ljava/lang/Class;Ljava/lang/Object;Ljava/lang/String;[Ljava/lang/Object;ZZ)Ljava/lang/Object; (892 bytes) @ 0x0000000113a48a34 [0x0000000113a47840+0x11f4]
J 1991 C1 groovy.lang.MetaClassImpl.invokeMethod(Ljava/lang/Object;Ljava/lang/String;[Ljava/lang/Object;)Ljava/lang/Object; (14 bytes) @ 0x00000001135da964 [0x00000001135da900+0x64]
J 4023 C1 groovy.lang.Closure.call([Ljava/lang/Object;)Ljava/lang/Object; (30 bytes) @ 0x0000000113a6a0fc [0x0000000113a6a080+0x7c]
J 10229 C1 grails.plugin.json.view.api.internal.DefaultGrailsJsonViewHelper$1$_writeTo_closure1.doCall(Ljava/lang/Object;)Ljava/lang/Object; (157 bytes) @ 0x00000001145d64e4 [0x00000001145d5ec0+0x624]
J 10228 C1 grails.plugin.json.view.api.internal.DefaultGrailsJsonViewHelper$1$_writeTo_closure1.call()Ljava/lang/Object; (8 bytes) @ 0x00000001145d5afc [0x00000001145d5ac0+0x3c]
J 9427 C1 grails.plugin.json.builder.StreamingJsonBuilder$StreamingJsonDelegate.cloneDelegateAndGetContent(Ljava/io/Writer;Lgroovy/lang/Closure;ZLgrails/plugin/json/builder/JsonGenerator;)V (41 bytes) @ 0x000000011444501c [0x0000000114444de0+0x23c]
J 10112 C1 grails.plugin.json.view.api.internal.DefaultGrailsJsonViewHelper$1.writeTo(Ljava/io/Writer;)Ljava/io/Writer; (660 bytes) @ 0x000000011458756c [0x0000000114586b80+0x9ec]
J 10782 C1 grails.plugin.json.view.JsonViewWritableScript.json(Lgrails/plugin/json/builder/JsonOutput$JsonWritable;)Lgrails/plugin/json/builder/StreamingJsonBuilder; (131 bytes) @ 0x000000011470f424 [0x000000011470f180+0x2a4]
j  sx_compras_server_analisisDeFactura__analisisDeFactura_gson.json(Lgrails/plugin/json/builder/JsonOutput$JsonWritable;)Lgrails/plugin/json/builder/StreamingJsonBuilder;+30
j  sx_compras_server_analisisDeFactura__analisisDeFactura_gson.run()Ljava/lang/Object;+268
J 10709 C1 grails.plugin.json.view.JsonViewWritableScript.doWrite(Ljava/io/Writer;)Ljava/io/Writer; (123 bytes) @ 0x00000001146e8094 [0x00000001146e7b20+0x574]
j  sx_compras_server_analisisDeFactura__analisisDeFactura_gson.doWrite(Ljava/io/Writer;)Ljava/io/Writer;+30
J 10705 C1 grails.views.AbstractWritableScript.writeTo(Ljava/io/Writer;)Ljava/io/Writer; (169 bytes) @ 0x00000001146e509c [0x00000001146e5020+0x7c]
j  grails.plugin.json.view.api.internal.DefaultGrailsJsonViewHelper$6.writeTo(Ljava/io/Writer;)Ljava/io/Writer;+182
J 10782 C1 grails.plugin.json.view.JsonViewWritableScript.json(Lgrails/plugin/json/builder/JsonOutput$JsonWritable;)Lgrails/plugin/json/builder/StreamingJsonBuilder; (131 bytes) @ 0x000000011470f424 [0x000000011470f180+0x2a4]
j  sx_compras_server_analisisDeFactura_index_gson.json(Lgrails/plugin/json/builder/JsonOutput$JsonWritable;)Lgrails/plugin/json/builder/StreamingJsonBuilder;+30
j  grails.plugin.json.view.JsonViewWritableScript.json([Ljava/lang/Object;)Lgrails/plugin/json/builder/StreamingJsonBuilder;+63
j  sx_compras_server_analisisDeFactura_index_gson.json([Ljava/lang/Object;)Lgrails/plugin/json/builder/StreamingJsonBuilder;+30
j  sx_compras_server_analisisDeFactura_index_gson.run()Ljava/lang/Object;+159
J 10709 C1 grails.plugin.json.view.JsonViewWritableScript.doWrite(Ljava/io/Writer;)Ljava/io/Writer; (123 bytes) @ 0x00000001146e8094 [0x00000001146e7b20+0x574]
j  sx_compras_server_analisisDeFactura_index_gson.doWrite(Ljava/io/Writer;)Ljava/io/Writer;+30
J 10705 C1 grails.views.AbstractWritableScript.writeTo(Ljava/io/Writer;)Ljava/io/Writer; (169 bytes) @ 0x00000001146e509c [0x00000001146e5020+0x7c]
j  grails.views.mvc.GenericGroovyTemplateView.renderMergedOutputModel(Ljava/util/Map;Ljavax/servlet/http/HttpServletRequest;Ljavax/servlet/http/HttpServletResponse;)V+303
j  org.springframework.web.servlet.view.AbstractView.render(Ljava/util/Map;Ljavax/servlet/http/HttpServletRequest;Ljavax/servlet/http/HttpServletResponse;)V+88
j  grails.views.mvc.renderer.DefaultViewRenderer.render(Ljava/lang/Object;Lgrails/rest/render/RenderContext;)V+688
j  grails.artefact.controller.RestResponder$Trait$Helper.internalRespond(Lgrails/artefact/controller/RestResponder;Ljava/lang/Object;Ljava/util/Map;)Ljava/lang/Object;+1104
j  grails.artefact.controller.RestResponder$Trait$Helper.respond(Lgrails/artefact/controller/RestResponder;Ljava/util/Map;Ljava/lang/Object;)Ljava/lang/Object;+3
j  grails.artefact.controller.RestResponder$Trait$Helper$respond$1.call(Ljava/lang/Object;[Ljava/lang/Object;)Ljava/lang/Object;+24
J 3674 C1 org.codehaus.groovy.runtime.callsite.AbstractCallSite.call(Ljava/lang/Object;[Ljava/lang/Object;)Ljava/lang/Object; (7 bytes) @ 0x000000011399cbac [0x000000011399cb40+0x6c]
j  org.codehaus.groovy.runtime.callsite.AbstractCallSite.call(Ljava/lang/Object;Ljava/lang/Object;Ljava/lang/Object;Ljava/lang/Object;)Ljava/lang/Object;+42
j  sx.cxp.AnalisisDeFacturaController.respond(Ljava/util/Map;Ljava/lang/Object;)Ljava/lang/Object;+64
j  grails.artefact.controller.RestResponder$respond.callCurrent(Lgroovy/lang/GroovyObject;[Ljava/lang/Object;)Ljava/lang/Object;+22
J 4360 C1 org.codehaus.groovy.runtime.callsite.CallSiteArray.defaultCallCurrent(Lorg/codehaus/groovy/runtime/callsite/CallSite;Lgroovy/lang/GroovyObject;[Ljava/lang/Object;)Ljava/lang/Object; (23 bytes) @ 0x0000000113b434c4 [0x0000000113b43440+0x84]
j  grails.artefact.controller.RestResponder$respond.callCurrent(Lgroovy/lang/GroovyObject;Ljava/lang/Object;Ljava/lang/Object;)Ljava/lang/Object;+32
j  grails.rest.RestfulController.index(Ljava/lang/Integer;)Ljava/lang/Object;+447
j  sx.cxp.AnalisisDeFacturaController.index(Ljava/lang/Integer;)Ljava/lang/Object;+30
j  grails.rest.RestfulController.$tt__index(Lorg/springframework/transaction/TransactionStatus;)Ljava/lang/Object;+476
j  sx.cxp.AnalisisDeFacturaController.$tt__index(Lorg/springframework/transaction/TransactionStatus;)Ljava/lang/Object;+30
j  sun.reflect.GeneratedMethodAccessor361.invoke(Ljava/lang/Object;[Ljava/lang/Object;)Ljava/lang/Object;+40
J 819 C1 sun.reflect.DelegatingMethodAccessorImpl.invoke(Ljava/lang/Object;[Ljava/lang/Object;)Ljava/lang/Object; (10 bytes) @ 0x00000001133f9e84 [0x00000001133f9e40+0x44]
J 818 C1 java.lang.reflect.Method.invoke(Ljava/lang/Object;[Ljava/lang/Object;)Ljava/lang/Object; (62 bytes) @ 0x00000001133f9a64 [0x00000001133f9960+0x104]
J 1794 C1 org.springsource.loaded.ri.ReflectiveInterceptor.jlrMethodInvoke(Ljava/lang/reflect/Method;Ljava/lang/Object;[Ljava/lang/Object;)Ljava/lang/Object; (2214 bytes) @ 0x0000000113583bac [0x00000001135823e0+0x17cc]
J 3978 C1 org.codehaus.groovy.reflection.CachedMethod.invoke(Ljava/lang/Object;[Ljava/lang/Object;)Ljava/lang/Object; (70 bytes) @ 0x0000000113a4f33c [0x0000000113a4f300+0x3c]
J 2022 C1 groovy.lang.MetaMethod.doMethodInvoke(Ljava/lang/Object;[Ljava/lang/Object;)Ljava/lang/Object; (22 bytes) @ 0x00000001135e9814 [0x00000001135e97a0+0x74]
J 3979 C1 groovy.lang.MetaClassImpl.invokeMethod(Ljava/lang/Class;Ljava/lang/Object;Ljava/lang/String;[Ljava/lang/Object;ZZ)Ljava/lang/Object; (1088 bytes) @ 0x0000000113a51154 [0x0000000113a4fec0+0x1294]
J 1991 C1 groovy.lang.MetaClassImpl.invokeMethod(Ljava/lang/Object;Ljava/lang/String;[Ljava/lang/Object;)Ljava/lang/Object; (14 bytes) @ 0x00000001135da964 [0x00000001135da900+0x64]
J 8856 C1 org.codehaus.groovy.runtime.InvokerHelper.invokePogoMethod(Ljava/lang/Object;Ljava/lang/String;Ljava/lang/Object;)Ljava/lang/Object; (109 bytes) @ 0x00000001142d0d1c [0x00000001142d0a80+0x29c]
J 2006 C1 org.codehaus.groovy.runtime.InvokerHelper.invokeMethod(Ljava/lang/Object;Ljava/lang/String;Ljava/lang/Object;)Ljava/lang/Object; (66 bytes) @ 0x00000001135e0ccc [0x00000001135e06e0+0x5ec]
J 9337 C1 org.codehaus.groovy.runtime.InvokerHelper.invokeMethodSafe(Ljava/lang/Object;Ljava/lang/String;Ljava/lang/Object;)Ljava/lang/Object; (13 bytes) @ 0x00000001144186dc [0x00000001144186c0+0x1c]
j  grails.rest.RestfulController$_index_closure9.doCall(Lorg/springframework/transaction/TransactionStatus;)Ljava/lang/Object;+17
j  sun.reflect.GeneratedMethodAccessor360.invoke(Ljava/lang/Object;[Ljava/lang/Object;)Ljava/lang/Object;+40
J 819 C1 sun.reflect.DelegatingMethodAccessorImpl.invoke(Ljava/lang/Object;[Ljava/lang/Object;)Ljava/lang/Object; (10 bytes) @ 0x00000001133f9e84 [0x00000001133f9e40+0x44]
J 818 C1 java.lang.reflect.Method.invoke(Ljava/lang/Object;[Ljava/lang/Object;)Ljava/lang/Object; (62 bytes) @ 0x00000001133f9a64 [0x00000001133f9960+0x104]
J 1794 C1 org.springsource.loaded.ri.ReflectiveInterceptor.jlrMethodInvoke(Ljava/lang/reflect/Method;Ljava/lang/Object;[Ljava/lang/Object;)Ljava/lang/Object; (2214 bytes) @ 0x0000000113583bac [0x00000001135823e0+0x17cc]
J 3978 C1 org.codehaus.groovy.reflection.CachedMethod.invoke(Ljava/lang/Object;[Ljava/lang/Object;)Ljava/lang/Object; (70 bytes) @ 0x0000000113a4f33c [0x0000000113a4f300+0x3c]
J 2022 C1 groovy.lang.MetaMethod.doMethodInvoke(Ljava/lang/Object;[Ljava/lang/Object;)Ljava/lang/Object; (22 bytes) @ 0x00000001135e9814 [0x00000001135e97a0+0x74]
J 3971 C1 org.codehaus.groovy.runtime.metaclass.ClosureMetaClass.invokeMethod(Ljava/lang/Class;Ljava/lang/Object;Ljava/lang/String;[Ljava/lang/Object;ZZ)Ljava/lang/Object; (892 bytes) @ 0x0000000113a48a34 [0x0000000113a47840+0x11f4]
J 1991 C1 groovy.lang.MetaClassImpl.invokeMethod(Ljava/lang/Object;Ljava/lang/String;[Ljava/lang/Object;)Ljava/lang/Object; (14 bytes) @ 0x00000001135da964 [0x00000001135da900+0x64]
J 4023 C1 groovy.lang.Closure.call([Ljava/lang/Object;)Ljava/lang/Object; (30 bytes) @ 0x0000000113a6a0fc [0x0000000113a6a080+0x7c]
J 7765 C1 groovy.lang.Closure.call(Ljava/lang/Object;)Ljava/lang/Object; (13 bytes) @ 0x000000011412f9b4 [0x000000011412f880+0x134]
j  grails.gorm.transactions.GrailsTransactionTemplate$2.doInTransaction(Lorg/springframework/transaction/TransactionStatus;)Ljava/lang/Object;+11
j  org.springframework.transaction.support.TransactionTemplate.execute(Lorg/springframework/transaction/support/TransactionCallback;)Ljava/lang/Object;+38
j  grails.gorm.transactions.GrailsTransactionTemplate.execute(Lgroovy/lang/Closure;)Ljava/lang/Object;+23
j  grails.rest.RestfulController.index()Ljava/lang/Object;+54
...<more frames>...


---------------  P R O C E S S  ---------------

Java Threads: ( => current thread )
  0x00007f8ae8291000 JavaThread "DestroyJavaVM" [_thread_blocked, id=9731, stack(0x000070000a240000,0x000070000a340000)]
  0x00007f8ae829a800 JavaThread "Thread-6" daemon [_thread_blocked, id=26115, stack(0x000070000c8b2000,0x000070000c9b2000)]
  0x00007f8ae829a000 JavaThread "Thread-8" [_thread_blocked, id=38659, stack(0x000070000c7af000,0x000070000c8af000)]
  0x00007f8ae82a3800 JavaThread "Thread-7" daemon [_thread_blocked, id=39171, stack(0x000070000c6ac000,0x000070000c7ac000)]
  0x00007f8ae6c2d000 JavaThread "http-nio-9195-AsyncTimeout" daemon [_thread_blocked, id=39683, stack(0x000070000c5a9000,0x000070000c6a9000)]
  0x00007f8ae6c21800 JavaThread "http-nio-9195-Acceptor-0" daemon [_thread_in_native, id=39939, stack(0x000070000c4a6000,0x000070000c5a6000)]
  0x00007f8ae6b8f800 JavaThread "http-nio-9195-ClientPoller-1" daemon [_thread_in_native, id=40451, stack(0x000070000c3a3000,0x000070000c4a3000)]
  0x00007f8ae67e8800 JavaThread "http-nio-9195-ClientPoller-0" daemon [_thread_in_native, id=25347, stack(0x000070000c2a0000,0x000070000c3a0000)]
  0x00007f8ae6b8e800 JavaThread "http-nio-9195-exec-10" daemon [_thread_blocked, id=25091, stack(0x000070000c19d000,0x000070000c29d000)]
  0x00007f8ae6b8e000 JavaThread "http-nio-9195-exec-9" daemon [_thread_blocked, id=41219, stack(0x000070000c09a000,0x000070000c19a000)]
  0x00007f8ae6b8d000 JavaThread "http-nio-9195-exec-8" daemon [_thread_blocked, id=41731, stack(0x000070000bf97000,0x000070000c097000)]
  0x00007f8ae6b8c800 JavaThread "http-nio-9195-exec-7" daemon [_thread_blocked, id=24323, stack(0x000070000be94000,0x000070000bf94000)]
  0x00007f8ae6c21000 JavaThread "http-nio-9195-exec-6" daemon [_thread_blocked, id=23811, stack(0x000070000bd91000,0x000070000be91000)]
=>0x00007f8ae6c20000 JavaThread "http-nio-9195-exec-5" daemon [_thread_in_Java, id=42243, stack(0x000070000bc8e000,0x000070000bd8e000)]
  0x00007f8ae829e800 JavaThread "http-nio-9195-exec-4" daemon [_thread_blocked, id=42499, stack(0x000070000bb8b000,0x000070000bc8b000)]
  0x00007f8ae829e000 JavaThread "http-nio-9195-exec-3" daemon [_thread_blocked, id=23043, stack(0x000070000ba88000,0x000070000bb88000)]
  0x00007f8ae826a000 JavaThread "http-nio-9195-exec-2" daemon [_thread_blocked, id=22787, stack(0x000070000b985000,0x000070000ba85000)]
  0x00007f8ae67e8000 JavaThread "http-nio-9195-exec-1" daemon [_thread_blocked, id=22275, stack(0x000070000b882000,0x000070000b982000)]
  0x00007f8ae6c1d000 JavaThread "NioBlockingSelector.BlockPoller-1" daemon [_thread_in_native, id=22019, stack(0x000070000b77f000,0x000070000b87f000)]
  0x00007f8ae80f5800 JavaThread "container-0" [_thread_blocked, id=21763, stack(0x000070000b67c000,0x000070000b77c000)]
  0x00007f8ae5de3800 JavaThread "ContainerBackgroundProcessor[StandardEngine[Tomcat]]" daemon [_thread_blocked, id=15619, stack(0x000070000b579000,0x000070000b679000)]
  0x00007f8ae6d70800 JavaThread "Abandoned connection cleanup thread" daemon [_thread_blocked, id=3591, stack(0x000070000b270000,0x000070000b370000)]
  0x00007f8ae817f000 JavaThread "Tomcat JDBC Pool Cleaner[414493378:1533574147425]" daemon [_thread_blocked, id=4103, stack(0x000070000b16d000,0x000070000b26d000)]
  0x00007f8ae60d7000 JavaThread "FileSystemWatcher: files=#203 cl=sun.misc.Launcher$AppClassLoader@18b4aac2" daemon [_thread_blocked, id=17155, stack(0x000070000b06a000,0x000070000b16a000)]
  0x00007f8ae7547800 JavaThread "Service Thread" daemon [_thread_blocked, id=14595, stack(0x000070000ae64000,0x000070000af64000)]
  0x00007f8ae5ab1800 JavaThread "C1 CompilerThread2" daemon [_thread_blocked, id=18179, stack(0x000070000ad61000,0x000070000ae61000)]
  0x00007f8ae5ab0800 JavaThread "C2 CompilerThread1" daemon [_thread_blocked, id=14083, stack(0x000070000ac5e000,0x000070000ad5e000)]
  0x00007f8ae5aaf800 JavaThread "C2 CompilerThread0" daemon [_thread_blocked, id=18435, stack(0x000070000ab5b000,0x000070000ac5b000)]
  0x00007f8ae605a800 JavaThread "Signal Dispatcher" daemon [_thread_blocked, id=13579, stack(0x000070000aa58000,0x000070000ab58000)]
  0x00007f8ae605a000 JavaThread "Finalizer" daemon [_thread_blocked, id=12291, stack(0x000070000a955000,0x000070000aa55000)]
  0x00007f8ae6057000 JavaThread "Reference Handler" daemon [_thread_blocked, id=20995, stack(0x000070000a852000,0x000070000a952000)]

Other Threads:
  0x00007f8ae6052800 VMThread [stack: 0x000070000a74f000,0x000070000a84f000] [id=11523]
  0x00007f8ae754c800 WatcherThread [stack: 0x000070000af67000,0x000070000b067000] [id=17667]

VM state:not at safepoint (normal execution)

VM Mutex/Monitor currently owned by a thread: None

Heap:
 PSYoungGen      total 249344K, used 182561K [0x00000007aab00000, 0x00000007bda80000, 0x00000007c0000000)
  eden space 197120K, 86% used [0x00000007aab00000,0x00000007b51f6810,0x00000007b6b80000)
  from space 52224K, 22% used [0x00000007b6b80000,0x00000007b76d1cf0,0x00000007b9e80000)
  to   space 50688K, 0% used [0x00000007ba900000,0x00000007ba900000,0x00000007bda80000)
 ParOldGen       total 682496K, used 225250K [0x0000000780000000, 0x00000007a9a80000, 0x00000007aab00000)
  object space 682496K, 33% used [0x0000000780000000,0x000000078dbf8a80,0x00000007a9a80000)
 Metaspace       used 91928K, capacity 95950K, committed 96256K, reserved 1134592K
  class space    used 10396K, capacity 11680K, committed 11776K, reserved 1048576K

Card table byte_map: [0x000000010cd6e000,0x000000010cf6f000] byte_map_base: 0x000000010916e000

Marking Bits: (ParMarkBitMap*) 0x000000010c2f76e0
 Begin Bits: [0x000000010d0c5000, 0x000000010e0c5000)
 End Bits:   [0x000000010e0c5000, 0x000000010f0c5000)

Polling page: 0x000000010b0e0000

CodeCache: size=245760Kb used=26335Kb max_used=26335Kb free=219424Kb
 bounds [0x0000000113055000, 0x0000000114a15000, 0x0000000122055000]
 total_blobs=12581 nmethods=11757 adapters=736
 compilation: enabled

Compilation events (10 events):
Event: 1823.167 Thread 0x00007f8ae5ab1800 12073       1       org.codehaus.groovy.classgen.asm.sc.StaticTypesWriterController::updateStaticCompileFlag (63 bytes)
Event: 1823.167 Thread 0x00007f8ae5ab1800 nmethod 12073 0x0000000114a12410 code [0x0000000114a125c0, 0x0000000114a12878]
Event: 1823.167 Thread 0x00007f8ae5ab1800 12074       1       org.codehaus.groovy.classgen.asm.DelegatingController::getAcg (8 bytes)
Event: 1823.167 Thread 0x00007f8ae5ab1800 nmethod 12074 0x0000000114a12a50 code [0x0000000114a12bc0, 0x0000000114a12d08]
Event: 1823.170 Thread 0x00007f8ae5ab1800 12075       1       groovy.lang.GroovyClassLoader$InnerLoader::loadClass (28 bytes)
Event: 1823.170 Thread 0x00007f8ae5ab1800 nmethod 12075 0x0000000114a12d90 code [0x0000000114a12f20, 0x0000000114a13108]
Event: 1823.174 Thread 0x00007f8ae5ab1800 12076       1       com.googlecode.concurrentlinkedhashmap.ConcurrentHashMapV8::tabAt (21 bytes)
Event: 1823.174 Thread 0x00007f8ae5ab1800 nmethod 12076 0x0000000114a13210 code [0x0000000114a13360, 0x0000000114a13490]
Event: 1823.194 Thread 0x00007f8ae5ab1800 12077       1       com.googlecode.concurrentlinkedhashmap.ConcurrentHashMapV8::get (162 bytes)
Event: 1823.195 Thread 0x00007f8ae5ab1800 nmethod 12077 0x0000000114a13510 code [0x0000000114a136c0, 0x0000000114a13ad8]

GC Heap History (10 events):
Event: 1778.866 GC heap before
{Heap before GC invocations=60 (full 3):
 PSYoungGen      total 235008K, used 191053K [0x00000007aab00000, 0x00000007bce80000, 0x00000007c0000000)
  eden space 178688K, 100% used [0x00000007aab00000,0x00000007b5980000,0x00000007b5980000)
  from space 56320K, 21% used [0x00000007b9780000,0x00000007ba393500,0x00000007bce80000)
  to   space 59904K, 0% used [0x00000007b5980000,0x00000007b5980000,0x00000007b9400000)
 ParOldGen       total 682496K, used 222214K [0x0000000780000000, 0x00000007a9a80000, 0x00000007aab00000)
  object space 682496K, 32% used [0x0000000780000000,0x000000078d901b10,0x00000007a9a80000)
 Metaspace       used 91128K, capacity 94870K, committed 94976K, reserved 1132544K
  class space    used 10337K, capacity 11504K, committed 11520K, reserved 1048576K
Event: 1778.883 GC heap after
Heap after GC invocations=60 (full 3):
 PSYoungGen      total 238592K, used 24633K [0x00000007aab00000, 0x00000007bd280000, 0x00000007c0000000)
  eden space 178688K, 0% used [0x00000007aab00000,0x00000007aab00000,0x00000007b5980000)
  from space 59904K, 41% used [0x00000007b5980000,0x00000007b718e778,0x00000007b9400000)
  to   space 56832K, 0% used [0x00000007b9b00000,0x00000007b9b00000,0x00000007bd280000)
 ParOldGen       total 682496K, used 223926K [0x0000000780000000, 0x00000007a9a80000, 0x00000007aab00000)
  object space 682496K, 32% used [0x0000000780000000,0x000000078daada50,0x00000007a9a80000)
 Metaspace       used 91128K, capacity 94870K, committed 94976K, reserved 1132544K
  class space    used 10337K, capacity 11504K, committed 11520K, reserved 1048576K
}
Event: 1813.329 GC heap before
{Heap before GC invocations=61 (full 3):
 PSYoungGen      total 238592K, used 203321K [0x00000007aab00000, 0x00000007bd280000, 0x00000007c0000000)
  eden space 178688K, 100% used [0x00000007aab00000,0x00000007b5980000,0x00000007b5980000)
  from space 59904K, 41% used [0x00000007b5980000,0x00000007b718e778,0x00000007b9400000)
  to   space 56832K, 0% used [0x00000007b9b00000,0x00000007b9b00000,0x00000007bd280000)
 ParOldGen       total 682496K, used 223926K [0x0000000780000000, 0x00000007a9a80000, 0x00000007aab00000)
  object space 682496K, 32% used [0x0000000780000000,0x000000078daada50,0x00000007a9a80000)
 Metaspace       used 91138K, capacity 94888K, committed 94976K, reserved 1132544K
  class space    used 10339K, capacity 11507K, committed 11520K, reserved 1048576K
Event: 1813.363 GC heap after
Heap after GC invocations=61 (full 3):
 PSYoungGen      total 238592K, used 11972K [0x00000007aab00000, 0x00000007bcd80000, 0x00000007c0000000)
  eden space 186880K, 0% used [0x00000007aab00000,0x00000007aab00000,0x00000007b6180000)
  from space 51712K, 23% used [0x00000007b9b00000,0x00000007ba6b13e8,0x00000007bcd80000)
  to   space 55296K, 0% used [0x00000007b6180000,0x00000007b6180000,0x00000007b9780000)
 ParOldGen       total 682496K, used 225154K [0x0000000780000000, 0x00000007a9a80000, 0x00000007aab00000)
  object space 682496K, 32% used [0x0000000780000000,0x000000078dbe0a80,0x00000007a9a80000)
 Metaspace       used 91138K, capacity 94888K, committed 94976K, reserved 1132544K
  class space    used 10339K, capacity 11507K, committed 11520K, reserved 1048576K
}
Event: 1813.849 GC heap before
{Heap before GC invocations=62 (full 3):
 PSYoungGen      total 238592K, used 198852K [0x00000007aab00000, 0x00000007bcd80000, 0x00000007c0000000)
  eden space 186880K, 100% used [0x00000007aab00000,0x00000007b6180000,0x00000007b6180000)
  from space 51712K, 23% used [0x00000007b9b00000,0x00000007ba6b13e8,0x00000007bcd80000)
  to   space 55296K, 0% used [0x00000007b6180000,0x00000007b6180000,0x00000007b9780000)
 ParOldGen       total 682496K, used 225154K [0x0000000780000000, 0x00000007a9a80000, 0x00000007aab00000)
  object space 682496K, 32% used [0x0000000780000000,0x000000078dbe0a80,0x00000007a9a80000)
 Metaspace       used 91138K, capacity 94888K, committed 94976K, reserved 1132544K
  class space    used 10339K, capacity 11507K, committed 11520K, reserved 1048576K
Event: 1813.867 GC heap after
Heap after GC invocations=62 (full 3):
 PSYoungGen      total 242176K, used 24591K [0x00000007aab00000, 0x00000007bd480000, 0x00000007c0000000)
  eden space 186880K, 0% used [0x00000007aab00000,0x00000007aab00000,0x00000007b6180000)
  from space 55296K, 44% used [0x00000007b6180000,0x00000007b7983eb0,0x00000007b9780000)
  to   space 52736K, 0% used [0x00000007ba100000,0x00000007ba100000,0x00000007bd480000)
 ParOldGen       total 682496K, used 225186K [0x0000000780000000, 0x00000007a9a80000, 0x00000007aab00000)
  object space 682496K, 32% used [0x0000000780000000,0x000000078dbe8a80,0x00000007a9a80000)
 Metaspace       used 91138K, capacity 94888K, committed 94976K, reserved 1132544K
  class space    used 10339K, capacity 11507K, committed 11520K, reserved 1048576K
}
Event: 1822.612 GC heap before
{Heap before GC invocations=63 (full 3):
 PSYoungGen      total 242176K, used 211471K [0x00000007aab00000, 0x00000007bd480000, 0x00000007c0000000)
  eden space 186880K, 100% used [0x00000007aab00000,0x00000007b6180000,0x00000007b6180000)
  from space 55296K, 44% used [0x00000007b6180000,0x00000007b7983eb0,0x00000007b9780000)
  to   space 52736K, 0% used [0x00000007ba100000,0x00000007ba100000,0x00000007bd480000)
 ParOldGen       total 682496K, used 225186K [0x0000000780000000, 0x00000007a9a80000, 0x00000007aab00000)
  object space 682496K, 32% used [0x0000000780000000,0x000000078dbe8a80,0x00000007a9a80000)
 Metaspace       used 91373K, capacity 95168K, committed 95360K, reserved 1132544K
  class space    used 10355K, capacity 11553K, committed 11648K, reserved 1048576K
Event: 1822.622 GC heap after
Heap after GC invocations=63 (full 3):
 PSYoungGen      total 246784K, used 10468K [0x00000007aab00000, 0x00000007bd180000, 0x00000007c0000000)
  eden space 197120K, 0% used [0x00000007aab00000,0x00000007aab00000,0x00000007b6b80000)
  from space 49664K, 21% used [0x00000007ba100000,0x00000007bab39150,0x00000007bd180000)
  to   space 52224K, 0% used [0x00000007b6b80000,0x00000007b6b80000,0x00000007b9e80000)
 ParOldGen       total 682496K, used 225234K [0x0000000780000000, 0x00000007a9a80000, 0x00000007aab00000)
  object space 682496K, 33% used [0x0000000780000000,0x000000078dbf4a80,0x00000007a9a80000)
 Metaspace       used 91373K, capacity 95168K, committed 95360K, reserved 1132544K
  class space    used 10355K, capacity 11553K, committed 11648K, reserved 1048576K
}
Event: 1822.915 GC heap before
{Heap before GC invocations=64 (full 3):
 PSYoungGen      total 246784K, used 199645K [0x00000007aab00000, 0x00000007bd180000, 0x00000007c0000000)
  eden space 197120K, 95% used [0x00000007aab00000,0x00000007b63be4a8,0x00000007b6b80000)
  from space 49664K, 21% used [0x00000007ba100000,0x00000007bab39150,0x00000007bd180000)
  to   space 52224K, 0% used [0x00000007b6b80000,0x00000007b6b80000,0x00000007b9e80000)
 ParOldGen       total 682496K, used 225234K [0x0000000780000000, 0x00000007a9a80000, 0x00000007aab00000)
  object space 682496K, 33% used [0x0000000780000000,0x000000078dbf4a80,0x00000007a9a80000)
 Metaspace       used 91528K, capacity 95424K, committed 95616K, reserved 1132544K
  class space    used 10368K, capacity 11601K, committed 11648K, reserved 1048576K
Event: 1822.922 GC heap after
Heap after GC invocations=64 (full 3):
 PSYoungGen      total 249344K, used 11591K [0x00000007aab00000, 0x00000007bda80000, 0x00000007c0000000)
  eden space 197120K, 0% used [0x00000007aab00000,0x00000007aab00000,0x00000007b6b80000)
  from space 52224K, 22% used [0x00000007b6b80000,0x00000007b76d1cf0,0x00000007b9e80000)
  to   space 50688K, 0% used [0x00000007ba900000,0x00000007ba900000,0x00000007bda80000)
 ParOldGen       total 682496K, used 225250K [0x0000000780000000, 0x00000007a9a80000, 0x00000007aab00000)
  object space 682496K, 33% used [0x0000000780000000,0x000000078dbf8a80,0x00000007a9a80000)
 Metaspace       used 91528K, capacity 95424K, committed 95616K, reserved 1132544K
  class space    used 10368K, capacity 11601K, committed 11648K, reserved 1048576K
}

Deoptimization events (0 events):
No events

Classes redefined (0 events):
No events

Internal exceptions (10 events):
Event: 1823.154 Thread 0x00007f8ae6c20000 Exception <a 'java/lang/ArrayIndexOutOfBoundsException'> (0x00000007b0f1d478) thrown at [/Users/java_re/workspace/8-2-build-macosx-x86_64/jdk8u171/10807/hotspot/src/share/vm/runtime/sharedRuntime.cpp, line 605]
Event: 1823.154 Thread 0x00007f8ae6c20000 Exception <a 'java/lang/ArrayIndexOutOfBoundsException'> (0x00000007b0f214d0) thrown at [/Users/java_re/workspace/8-2-build-macosx-x86_64/jdk8u171/10807/hotspot/src/share/vm/runtime/sharedRuntime.cpp, line 605]
Event: 1823.154 Thread 0x00007f8ae6c20000 Exception <a 'java/lang/ArrayIndexOutOfBoundsException'> (0x00000007b0f25740) thrown at [/Users/java_re/workspace/8-2-build-macosx-x86_64/jdk8u171/10807/hotspot/src/share/vm/runtime/sharedRuntime.cpp, line 605]
Event: 1823.154 Thread 0x00007f8ae6c20000 Exception <a 'java/lang/ArrayIndexOutOfBoundsException'> (0x00000007b0f29bf0) thrown at [/Users/java_re/workspace/8-2-build-macosx-x86_64/jdk8u171/10807/hotspot/src/share/vm/runtime/sharedRuntime.cpp, line 605]
Event: 1823.155 Thread 0x00007f8ae6c20000 Exception <a 'java/lang/ArrayIndexOutOfBoundsException'> (0x00000007b0f334c0) thrown at [/Users/java_re/workspace/8-2-build-macosx-x86_64/jdk8u171/10807/hotspot/src/share/vm/runtime/sharedRuntime.cpp, line 605]
Event: 1823.155 Thread 0x00007f8ae6c20000 Exception <a 'java/lang/ArrayIndexOutOfBoundsException'> (0x00000007b0f35a60) thrown at [/Users/java_re/workspace/8-2-build-macosx-x86_64/jdk8u171/10807/hotspot/src/share/vm/runtime/sharedRuntime.cpp, line 605]
Event: 1823.155 Thread 0x00007f8ae6c20000 Exception <a 'java/lang/ArrayIndexOutOfBoundsException'> (0x00000007b0f37f88) thrown at [/Users/java_re/workspace/8-2-build-macosx-x86_64/jdk8u171/10807/hotspot/src/share/vm/runtime/sharedRuntime.cpp, line 605]
Event: 1823.155 Thread 0x00007f8ae6c20000 Exception <a 'java/lang/ArrayIndexOutOfBoundsException'> (0x00000007b0f3af50) thrown at [/Users/java_re/workspace/8-2-build-macosx-x86_64/jdk8u171/10807/hotspot/src/share/vm/runtime/sharedRuntime.cpp, line 605]
Event: 1823.178 Thread 0x00007f8ae6c20000 Exception <a 'java/lang/ClassNotFoundException': sx_compras_server_analisisDeFacturaDet__analisisDeFacturaDet_gsonBeanInfo> (0x00000007b4e5c098) thrown at [/Users/java_re/workspace/8-2-build-macosx-x86_64/jdk8u171/10807/hotspot/src/share/vm/classfile/syst
Event: 1823.179 Thread 0x00007f8ae6c20000 Exception <a 'java/lang/ClassNotFoundException': sx_compras_server_analisisDeFacturaDet__analisisDeFacturaDet_gsonCustomizer> (0x00000007b4f04530) thrown at [/Users/java_re/workspace/8-2-build-macosx-x86_64/jdk8u171/10807/hotspot/src/share/vm/classfile/sy

Events (10 events):
Event: 1823.179 loading class sx_compras_server_analisisDeFacturaDet__analisisDeFacturaDet_gsonCustomizer
Event: 1823.179 loading class sx_compras_server_analisisDeFacturaDet__analisisDeFacturaDet_gsonCustomizer done
Event: 1823.179 loading class sx_compras_server_analisisDeFacturaDet__analisisDeFacturaDet_gsonCustomizer
Event: 1823.179 loading class sx_compras_server_analisisDeFacturaDet__analisisDeFacturaDet_gsonCustomizer done
Event: 1823.181 loading class groovy/runtime/metaclass/sx_compras_server_analisisDeFacturaDet__analisisDeFacturaDet_gson$_run_closure1MetaClass
Event: 1823.181 loading class groovy/runtime/metaclass/sx_compras_server_analisisDeFacturaDet__analisisDeFacturaDet_gson$_run_closure1MetaClass done
Event: 1823.184 Executing VM operation: RevokeBias
Event: 1823.185 Executing VM operation: RevokeBias done
Event: 1823.185 Executing VM operation: RevokeBias
Event: 1823.185 Executing VM operation: RevokeBias done


Dynamic libraries:
0x000000001f3f0000 	/System/Library/Frameworks/Cocoa.framework/Versions/A/Cocoa
0x000000001f3f0000 	/System/Library/Frameworks/Security.framework/Versions/A/Security
0x000000001f3f0000 	/System/Library/Frameworks/ApplicationServices.framework/Versions/A/ApplicationServices
0x000000001f3f0000 	/usr/lib/libz.1.dylib
0x000000001f3f0000 	/usr/lib/libSystem.B.dylib
0x000000001f3f0000 	/usr/lib/libobjc.A.dylib
0x000000001f3f0000 	/System/Library/Frameworks/CoreFoundation.framework/Versions/A/CoreFoundation
0x000000001f3f0000 	/System/Library/Frameworks/Foundation.framework/Versions/C/Foundation
0x000000001f3f0000 	/System/Library/Frameworks/AppKit.framework/Versions/C/AppKit
0x000000001f3f0000 	/System/Library/Frameworks/CoreData.framework/Versions/A/CoreData
0x000000001f3f0000 	/System/Library/PrivateFrameworks/RemoteViewServices.framework/Versions/A/RemoteViewServices
0x000000001f3f0000 	/System/Library/PrivateFrameworks/UIFoundation.framework/Versions/A/UIFoundation
0x000000001f3f0000 	/System/Library/PrivateFrameworks/DFRFoundation.framework/Versions/A/DFRFoundation
0x000000001f3f0000 	/System/Library/Frameworks/Metal.framework/Versions/A/Metal
0x000000001f3f0000 	/System/Library/PrivateFrameworks/DesktopServicesPriv.framework/Versions/A/DesktopServicesPriv
0x000000001f3f0000 	/usr/lib/libenergytrace.dylib
0x000000001f3f0000 	/System/Library/PrivateFrameworks/SkyLight.framework/Versions/A/SkyLight
0x000000001f3f0000 	/System/Library/Frameworks/CoreGraphics.framework/Versions/A/CoreGraphics
0x000000001f3f0000 	/usr/lib/libScreenReader.dylib
0x000000001f3f0000 	/System/Library/Frameworks/Accelerate.framework/Versions/A/Accelerate
0x000000001f3f0000 	/System/Library/Frameworks/IOSurface.framework/Versions/A/IOSurface
0x000000001f3f0000 	/System/Library/Frameworks/AudioToolbox.framework/Versions/A/AudioToolbox
0x000000001f3f0000 	/System/Library/Frameworks/AudioUnit.framework/Versions/A/AudioUnit
0x000000001f3f0000 	/System/Library/PrivateFrameworks/DataDetectorsCore.framework/Versions/A/DataDetectorsCore
0x000000001f3f0000 	/System/Library/Frameworks/Carbon.framework/Versions/A/Frameworks/HIToolbox.framework/Versions/A/HIToolbox
0x000000001f3f0000 	/usr/lib/libicucore.A.dylib
0x000000001f3f0000 	/System/Library/Frameworks/QuartzCore.framework/Versions/A/QuartzCore
0x000000001f3f0000 	/System/Library/PrivateFrameworks/SignpostNotification.framework/Versions/A/SignpostNotification
0x000000001f3f0000 	/System/Library/Frameworks/Carbon.framework/Versions/A/Frameworks/SpeechRecognition.framework/Versions/A/SpeechRecognition
0x000000001f3f0000 	/usr/lib/libauto.dylib
0x000000001f3f0000 	/usr/lib/libxml2.2.dylib
0x000000001f3f0000 	/System/Library/PrivateFrameworks/CoreUI.framework/Versions/A/CoreUI
0x000000001f3f0000 	/System/Library/Frameworks/CoreAudio.framework/Versions/A/CoreAudio
0x000000001f3f0000 	/System/Library/Frameworks/DiskArbitration.framework/Versions/A/DiskArbitration
0x000000001f3f0000 	/usr/lib/liblangid.dylib
0x000000001f3f0000 	/System/Library/PrivateFrameworks/MultitouchSupport.framework/Versions/A/MultitouchSupport
0x000000001f3f0000 	/System/Library/Frameworks/IOKit.framework/Versions/A/IOKit
0x000000001f3f0000 	/usr/lib/libDiagnosticMessagesClient.dylib
0x000000001f3f0000 	/System/Library/Frameworks/CoreServices.framework/Versions/A/CoreServices
0x000000001f3f0000 	/System/Library/PrivateFrameworks/PerformanceAnalysis.framework/Versions/A/PerformanceAnalysis
0x000000001f3f0000 	/System/Library/Frameworks/OpenGL.framework/Versions/A/OpenGL
0x000000001f3f0000 	/System/Library/Frameworks/ColorSync.framework/Versions/A/ColorSync
0x000000001f3f0000 	/System/Library/Frameworks/CoreImage.framework/Versions/A/CoreImage
0x000000001f3f0000 	/System/Library/Frameworks/CoreText.framework/Versions/A/CoreText
0x000000001f3f0000 	/System/Library/Frameworks/ImageIO.framework/Versions/A/ImageIO
0x000000001f3f0000 	/System/Library/PrivateFrameworks/Backup.framework/Versions/A/Backup
0x000000001f3f0000 	/usr/lib/libarchive.2.dylib
0x000000001f3f0000 	/System/Library/Frameworks/CFNetwork.framework/Versions/A/CFNetwork
0x000000001f3f0000 	/System/Library/Frameworks/SystemConfiguration.framework/Versions/A/SystemConfiguration
0x000000001f3f0000 	/usr/lib/libCRFSuite.dylib
0x000000001f3f0000 	/usr/lib/libc++.1.dylib
0x000000001f3f0000 	/usr/lib/libc++abi.dylib
0x000000001f3f0000 	/usr/lib/system/libcache.dylib
0x000000001f3f0000 	/usr/lib/system/libcommonCrypto.dylib
0x000000001f3f0000 	/usr/lib/system/libcompiler_rt.dylib
0x000000001f3f0000 	/usr/lib/system/libcopyfile.dylib
0x000000001f3f0000 	/usr/lib/system/libcorecrypto.dylib
0x000000001f3f0000 	/usr/lib/system/libdispatch.dylib
0x000000001f3f0000 	/usr/lib/system/libdyld.dylib
0x000000001f3f0000 	/usr/lib/system/libkeymgr.dylib
0x000000001f3f0000 	/usr/lib/system/liblaunch.dylib
0x000000001f3f0000 	/usr/lib/system/libmacho.dylib
0x000000001f3f0000 	/usr/lib/system/libquarantine.dylib
0x000000001f3f0000 	/usr/lib/system/libremovefile.dylib
0x000000001f3f0000 	/usr/lib/system/libsystem_asl.dylib
0x000000001f3f0000 	/usr/lib/system/libsystem_blocks.dylib
0x000000001f3f0000 	/usr/lib/system/libsystem_c.dylib
0x000000001f3f0000 	/usr/lib/system/libsystem_configuration.dylib
0x000000001f3f0000 	/usr/lib/system/libsystem_coreservices.dylib
0x000000001f3f0000 	/usr/lib/system/libsystem_darwin.dylib
0x000000001f3f0000 	/usr/lib/system/libsystem_dnssd.dylib
0x000000001f3f0000 	/usr/lib/system/libsystem_info.dylib
0x000000001f3f0000 	/usr/lib/system/libsystem_m.dylib
0x000000001f3f0000 	/usr/lib/system/libsystem_malloc.dylib
0x000000001f3f0000 	/usr/lib/system/libsystem_network.dylib
0x000000001f3f0000 	/usr/lib/system/libsystem_networkextension.dylib
0x000000001f3f0000 	/usr/lib/system/libsystem_notify.dylib
0x000000001f3f0000 	/usr/lib/system/libsystem_sandbox.dylib
0x000000001f3f0000 	/usr/lib/system/libsystem_secinit.dylib
0x000000001f3f0000 	/usr/lib/system/libsystem_kernel.dylib
0x000000001f3f0000 	/usr/lib/system/libsystem_platform.dylib
0x000000001f3f0000 	/usr/lib/system/libsystem_pthread.dylib
0x000000001f3f0000 	/usr/lib/system/libsystem_symptoms.dylib
0x000000001f3f0000 	/usr/lib/system/libsystem_trace.dylib
0x000000001f3f0000 	/usr/lib/system/libunwind.dylib
0x000000001f3f0000 	/usr/lib/system/libxpc.dylib
0x000000001f3f0000 	/usr/lib/closure/libclosured.dylib
0x000000001f3f0000 	/usr/lib/libbsm.0.dylib
0x000000001f3f0000 	/usr/lib/system/libkxld.dylib
0x000000001f3f0000 	/usr/lib/libOpenScriptingUtil.dylib
0x000000001f3f0000 	/usr/lib/libcoretls.dylib
0x000000001f3f0000 	/usr/lib/libcoretls_cfhelpers.dylib
0x000000001f3f0000 	/usr/lib/libpam.2.dylib
0x000000001f3f0000 	/usr/lib/libsqlite3.dylib
0x000000001f3f0000 	/usr/lib/libxar.1.dylib
0x000000001f3f0000 	/usr/lib/libbz2.1.0.dylib
0x000000001f3f0000 	/usr/lib/liblzma.5.dylib
0x000000001f3f0000 	/usr/lib/libnetwork.dylib
0x000000001f3f0000 	/usr/lib/libapple_nghttp2.dylib
0x000000001f3f0000 	/usr/lib/libpcap.A.dylib
0x000000001f3f0000 	/usr/lib/libboringssl.dylib
0x000000001f3f0000 	/usr/lib/libusrtcp.dylib
0x000000001f3f0000 	/usr/lib/libapple_crypto.dylib
0x000000001f3f0000 	/System/Library/Frameworks/CoreServices.framework/Versions/A/Frameworks/FSEvents.framework/Versions/A/FSEvents
0x000000001f3f0000 	/System/Library/Frameworks/CoreServices.framework/Versions/A/Frameworks/CarbonCore.framework/Versions/A/CarbonCore
0x000000001f3f0000 	/System/Library/Frameworks/CoreServices.framework/Versions/A/Frameworks/Metadata.framework/Versions/A/Metadata
0x000000001f3f0000 	/System/Library/Frameworks/CoreServices.framework/Versions/A/Frameworks/OSServices.framework/Versions/A/OSServices
0x000000001f3f0000 	/System/Library/Frameworks/CoreServices.framework/Versions/A/Frameworks/SearchKit.framework/Versions/A/SearchKit
0x000000001f3f0000 	/System/Library/Frameworks/CoreServices.framework/Versions/A/Frameworks/AE.framework/Versions/A/AE
0x000000001f3f0000 	/System/Library/Frameworks/CoreServices.framework/Versions/A/Frameworks/LaunchServices.framework/Versions/A/LaunchServices
0x000000001f3f0000 	/System/Library/Frameworks/CoreServices.framework/Versions/A/Frameworks/DictionaryServices.framework/Versions/A/DictionaryServices
0x000000001f3f0000 	/System/Library/Frameworks/CoreServices.framework/Versions/A/Frameworks/SharedFileList.framework/Versions/A/SharedFileList
0x000000001f3f0000 	/System/Library/Frameworks/NetFS.framework/Versions/A/NetFS
0x000000001f3f0000 	/System/Library/PrivateFrameworks/NetAuth.framework/Versions/A/NetAuth
0x000000001f3f0000 	/System/Library/PrivateFrameworks/login.framework/Versions/A/Frameworks/loginsupport.framework/Versions/A/loginsupport
0x000000001f3f0000 	/System/Library/PrivateFrameworks/TCC.framework/Versions/A/TCC
0x000000001f3f0000 	/usr/lib/libmecabra.dylib
0x000000001f3f0000 	/System/Library/Frameworks/ApplicationServices.framework/Versions/A/Frameworks/ATS.framework/Versions/A/ATS
0x000000001f3f0000 	/System/Library/Frameworks/ApplicationServices.framework/Versions/A/Frameworks/ColorSyncLegacy.framework/Versions/A/ColorSyncLegacy
0x000000001f3f0000 	/System/Library/Frameworks/ApplicationServices.framework/Versions/A/Frameworks/HIServices.framework/Versions/A/HIServices
0x000000001f3f0000 	/System/Library/Frameworks/ApplicationServices.framework/Versions/A/Frameworks/LangAnalysis.framework/Versions/A/LangAnalysis
0x000000001f3f0000 	/System/Library/Frameworks/ApplicationServices.framework/Versions/A/Frameworks/PrintCore.framework/Versions/A/PrintCore
0x000000001f3f0000 	/System/Library/Frameworks/ApplicationServices.framework/Versions/A/Frameworks/QD.framework/Versions/A/QD
0x000000001f3f0000 	/System/Library/Frameworks/ApplicationServices.framework/Versions/A/Frameworks/SpeechSynthesis.framework/Versions/A/SpeechSynthesis
0x000000001f3f0000 	/System/Library/Frameworks/CoreDisplay.framework/Versions/A/CoreDisplay
0x000000001f3f0000 	/System/Library/Frameworks/Accelerate.framework/Versions/A/Frameworks/vImage.framework/Versions/A/vImage
0x000000001f3f0000 	/System/Library/Frameworks/Accelerate.framework/Versions/A/Frameworks/vecLib.framework/Versions/A/vecLib
0x000000001f3f0000 	/System/Library/Frameworks/Accelerate.framework/Versions/A/Frameworks/vecLib.framework/Versions/A/libvDSP.dylib
0x000000001f3f0000 	/System/Library/Frameworks/Accelerate.framework/Versions/A/Frameworks/vecLib.framework/Versions/A/libBNNS.dylib
0x000000001f3f0000 	/System/Library/Frameworks/Accelerate.framework/Versions/A/Frameworks/vecLib.framework/Versions/A/libQuadrature.dylib
0x000000001f3f0000 	/System/Library/Frameworks/Accelerate.framework/Versions/A/Frameworks/vecLib.framework/Versions/A/libvMisc.dylib
0x000000001f3f0000 	/System/Library/Frameworks/Accelerate.framework/Versions/A/Frameworks/vecLib.framework/Versions/A/libLAPACK.dylib
0x000000001f3f0000 	/System/Library/Frameworks/Accelerate.framework/Versions/A/Frameworks/vecLib.framework/Versions/A/libBLAS.dylib
0x000000001f3f0000 	/System/Library/Frameworks/Accelerate.framework/Versions/A/Frameworks/vecLib.framework/Versions/A/libLinearAlgebra.dylib
0x000000001f3f0000 	/System/Library/Frameworks/Accelerate.framework/Versions/A/Frameworks/vecLib.framework/Versions/A/libSparse.dylib
0x000000001f3f0000 	/System/Library/Frameworks/Accelerate.framework/Versions/A/Frameworks/vecLib.framework/Versions/A/libSparseBLAS.dylib
0x000000001f3f0000 	/System/Library/PrivateFrameworks/GPUWrangler.framework/Versions/A/GPUWrangler
0x000000001f3f0000 	/System/Library/PrivateFrameworks/IOAccelerator.framework/Versions/A/IOAccelerator
0x000000001f3f0000 	/System/Library/PrivateFrameworks/IOPresentment.framework/Versions/A/IOPresentment
0x000000001f3f0000 	/System/Library/PrivateFrameworks/DSExternalDisplay.framework/Versions/A/DSExternalDisplay
0x000000001f3f0000 	/System/Library/Frameworks/OpenGL.framework/Versions/A/Libraries/libCoreFSCache.dylib
0x000000001f3f0000 	/System/Library/Frameworks/CoreVideo.framework/Versions/A/CoreVideo
0x000000001f3f0000 	/System/Library/PrivateFrameworks/GraphVisualizer.framework/Versions/A/GraphVisualizer
0x000000001f3f0000 	/System/Library/Frameworks/MetalPerformanceShaders.framework/Versions/A/MetalPerformanceShaders
0x000000001f3f0000 	/usr/lib/libFosl_dynamic.dylib
0x000000001f3f0000 	/System/Library/PrivateFrameworks/FaceCore.framework/Versions/A/FaceCore
0x000000001f3f0000 	/System/Library/Frameworks/OpenCL.framework/Versions/A/OpenCL
0x000000001f3f0000 	/usr/lib/libcompression.dylib
0x000000001f3f0000 	/System/Library/Frameworks/ApplicationServices.framework/Versions/A/Frameworks/ATS.framework/Versions/A/Resources/libFontParser.dylib
0x000000001f3f0000 	/System/Library/Frameworks/ApplicationServices.framework/Versions/A/Frameworks/ATS.framework/Versions/A/Resources/libFontRegistry.dylib
0x000000001f3f0000 	/System/Library/Frameworks/ImageIO.framework/Versions/A/Resources/libJPEG.dylib
0x000000001f3f0000 	/System/Library/Frameworks/ImageIO.framework/Versions/A/Resources/libTIFF.dylib
0x000000001f3f0000 	/System/Library/Frameworks/ImageIO.framework/Versions/A/Resources/libPng.dylib
0x000000001f3f0000 	/System/Library/Frameworks/ImageIO.framework/Versions/A/Resources/libGIF.dylib
0x000000001f3f0000 	/System/Library/Frameworks/ImageIO.framework/Versions/A/Resources/libJP2.dylib
0x000000001f3f0000 	/System/Library/Frameworks/ImageIO.framework/Versions/A/Resources/libRadiance.dylib
0x000000001f3f0000 	/System/Library/PrivateFrameworks/AppleJPEG.framework/Versions/A/AppleJPEG
0x000000001f3f0000 	/System/Library/Frameworks/MetalPerformanceShaders.framework/Frameworks/MPSCore.framework/Versions/A/MPSCore
0x000000001f3f0000 	/System/Library/Frameworks/MetalPerformanceShaders.framework/Frameworks/MPSImage.framework/Versions/A/MPSImage
0x000000001f3f0000 	/System/Library/Frameworks/MetalPerformanceShaders.framework/Frameworks/MPSNeuralNetwork.framework/Versions/A/MPSNeuralNetwork
0x000000001f3f0000 	/System/Library/Frameworks/MetalPerformanceShaders.framework/Frameworks/MPSMatrix.framework/Versions/A/MPSMatrix
0x000000001f3f0000 	/System/Library/PrivateFrameworks/MetalTools.framework/Versions/A/MetalTools
0x000000001f3f0000 	/System/Library/Frameworks/OpenGL.framework/Versions/A/Libraries/libGLU.dylib
0x000000001f3f0000 	/System/Library/Frameworks/OpenGL.framework/Versions/A/Libraries/libGFXShared.dylib
0x000000001f3f0000 	/System/Library/Frameworks/OpenGL.framework/Versions/A/Libraries/libGL.dylib
0x000000001f3f0000 	/System/Library/Frameworks/OpenGL.framework/Versions/A/Libraries/libGLImage.dylib
0x000000001f3f0000 	/System/Library/Frameworks/OpenGL.framework/Versions/A/Libraries/libCVMSPluginSupport.dylib
0x000000001f3f0000 	/System/Library/Frameworks/OpenGL.framework/Versions/A/Libraries/libCoreVMClient.dylib
0x000000001f3f0000 	/usr/lib/libcups.2.dylib
0x000000001f3f0000 	/System/Library/Frameworks/Kerberos.framework/Versions/A/Kerberos
0x000000001f3f0000 	/System/Library/Frameworks/GSS.framework/Versions/A/GSS
0x000000001f3f0000 	/usr/lib/libresolv.9.dylib
0x000000001f3f0000 	/usr/lib/libiconv.2.dylib
0x000000001f3f0000 	/System/Library/PrivateFrameworks/Heimdal.framework/Versions/A/Heimdal
0x000000001f3f0000 	/usr/lib/libheimdal-asn1.dylib
0x000000001f3f0000 	/System/Library/Frameworks/OpenDirectory.framework/Versions/A/OpenDirectory
0x000000001f3f0000 	/System/Library/PrivateFrameworks/CommonAuth.framework/Versions/A/CommonAuth
0x000000001f3f0000 	/System/Library/Frameworks/OpenDirectory.framework/Versions/A/Frameworks/CFOpenDirectory.framework/Versions/A/CFOpenDirectory
0x000000001f3f0000 	/System/Library/Frameworks/SecurityFoundation.framework/Versions/A/SecurityFoundation
0x000000001f3f0000 	/System/Library/PrivateFrameworks/APFS.framework/Versions/A/APFS
0x000000001f3f0000 	/usr/lib/libutil.dylib
0x000000001f3f0000 	/System/Library/PrivateFrameworks/AppleSauce.framework/Versions/A/AppleSauce
0x000000001f3f0000 	/System/Library/PrivateFrameworks/LinguisticData.framework/Versions/A/LinguisticData
0x000000001f3f0000 	/usr/lib/libmarisa.dylib
0x000000001f3f0000 	/System/Library/PrivateFrameworks/Lexicon.framework/Versions/A/Lexicon
0x000000001f3f0000 	/usr/lib/libChineseTokenizer.dylib
0x000000001f3f0000 	/usr/lib/libcmph.dylib
0x000000001f3f0000 	/System/Library/PrivateFrameworks/LanguageModeling.framework/Versions/A/LanguageModeling
0x000000001f3f0000 	/System/Library/PrivateFrameworks/CoreEmoji.framework/Versions/A/CoreEmoji
0x000000001f3f0000 	/System/Library/Frameworks/ServiceManagement.framework/Versions/A/ServiceManagement
0x000000001f3f0000 	/System/Library/PrivateFrameworks/BackgroundTaskManagement.framework/Versions/A/BackgroundTaskManagement
0x000000001f3f0000 	/usr/lib/libxslt.1.dylib
0x000000001f3f0000 	/System/Library/Frameworks/Carbon.framework/Versions/A/Frameworks/Ink.framework/Versions/A/Ink
0x000000001f3f0000 	/System/Library/PrivateFrameworks/TextureIO.framework/Versions/A/TextureIO
0x000000001f3f0000 	/usr/lib/libate.dylib
0x000000001f3f0000 	/System/Library/PrivateFrameworks/CrashReporterSupport.framework/Versions/A/CrashReporterSupport
0x000000001f3f0000 	/System/Library/PrivateFrameworks/Sharing.framework/Versions/A/Sharing
0x000000001f3f0000 	/System/Library/PrivateFrameworks/IconServices.framework/Versions/A/IconServices
0x000000001f3f0000 	/System/Library/PrivateFrameworks/AuthKit.framework/Versions/A/AuthKit
0x000000001f3f0000 	/System/Library/PrivateFrameworks/Apple80211.framework/Versions/A/Apple80211
0x000000001f3f0000 	/System/Library/PrivateFrameworks/CoreUtils.framework/Versions/A/CoreUtils
0x000000001f3f0000 	/System/Library/Frameworks/CoreWLAN.framework/Versions/A/CoreWLAN
0x000000001f3f0000 	/System/Library/Frameworks/IOBluetooth.framework/Versions/A/IOBluetooth
0x000000001f3f0000 	/System/Library/PrivateFrameworks/ProtocolBuffer.framework/Versions/A/ProtocolBuffer
0x000000001f3f0000 	/System/Library/PrivateFrameworks/MobileKeyBag.framework/Versions/A/MobileKeyBag
0x000000001f3f0000 	/System/Library/PrivateFrameworks/CorePhoneNumbers.framework/Versions/A/CorePhoneNumbers
0x000000001f3f0000 	/System/Library/PrivateFrameworks/AppleIDAuthSupport.framework/Versions/A/AppleIDAuthSupport
0x000000001f3f0000 	/System/Library/PrivateFrameworks/KeychainCircle.framework/Versions/A/KeychainCircle
0x000000001f3f0000 	/System/Library/PrivateFrameworks/CoreWiFi.framework/Versions/A/CoreWiFi
0x000000001f3f0000 	/System/Library/Frameworks/CoreBluetooth.framework/Versions/A/CoreBluetooth
0x000000001f3f0000 	/System/Library/PrivateFrameworks/DebugSymbols.framework/Versions/A/DebugSymbols
0x000000001f3f0000 	/System/Library/PrivateFrameworks/CoreSymbolication.framework/Versions/A/CoreSymbolication
0x000000001f3f0000 	/System/Library/PrivateFrameworks/Symbolication.framework/Versions/A/Symbolication
0x000000001f3f0000 	/System/Library/PrivateFrameworks/AppleFSCompression.framework/Versions/A/AppleFSCompression
0x000000001f3f0000 	/System/Library/PrivateFrameworks/SpeechRecognitionCore.framework/Versions/A/SpeechRecognitionCore
0x000000010ba00000 	/Users/rubencancino/.sdkman/candidates/java/8.0.171-oracle/jre/lib/server/libjvm.dylib
0x000000001f3f0000 	/usr/lib/libstdc++.6.0.9.dylib
0x000000010b09c000 	/Users/rubencancino/.sdkman/candidates/java/8.0.171-oracle/jre/lib/libverify.dylib
0x000000010b0aa000 	/Users/rubencancino/.sdkman/candidates/java/8.0.171-oracle/jre/lib/libjava.dylib
0x000000010b0e1000 	/Users/rubencancino/.sdkman/candidates/java/8.0.171-oracle/jre/lib/libinstrument.dylib
0x000000010b17f000 	/Users/rubencancino/.sdkman/candidates/java/8.0.171-oracle/jre/lib/libzip.dylib
0x0000000112f91000 	/Users/rubencancino/.sdkman/candidates/java/8.0.171-oracle/jre/lib/libnet.dylib
0x0000000122e62000 	/Users/rubencancino/.sdkman/candidates/java/8.0.171-oracle/jre/lib/libmanagement.dylib
0x0000000123470000 	/Users/rubencancino/.sdkman/candidates/java/8.0.171-oracle/jre/lib/libnio.dylib
0x0000000126a3f000 	/Users/rubencancino/.sdkman/candidates/java/8.0.171-oracle/jre/lib/libsunec.dylib

VM Arguments:
jvm_args: -Dawt.toolkit=sun.lwawt.macosx.LWCToolkit -Dbase.dir=/Users/rubencancino/play/sx-compras/sx-compras-server -Dfile.encoding.pkg=sun.io -Dfile.separator=/ -Dftp.nonProxyHosts=local|*.local|169.254/16|*.169.254/16 -DgopherProxySet=false -Dgrails.env=development -Dgrails.full.stacktrace -Dhttp.nonProxyHosts=local|*.local|169.254/16|*.169.254/16 -Dinfo.app.grailsVersion=3.3.5 -Dinfo.app.name=sx-compras-server -Dinfo.app.version=1.0.0 -Djava.awt.graphicsenv=sun.awt.CGraphicsEnvironment -Djava.awt.printerjob=sun.lwawt.macosx.CPrinterJob -Djava.class.version=52.0 -Djava.endorsed.dirs=/Users/rubencancino/.sdkman/candidates/java/8.0.171-oracle/jre/lib/endorsed -Djava.ext.dirs=/Users/rubencancino/Library/Java/Extensions:/Users/rubencancino/.sdkman/candidates/java/8.0.171-oracle/jre/lib/ext:/Library/Java/Extensions:/Network/Library/Java/Extensions:/System/Library/Java/Extensions:/usr/lib/java -Djava.home=/Users/rubencancino/.sdkman/candidates/java/8.0.171-oracle/jre -Djava.library.path=/Users/rubencancino/Library/Java/Extensions:/Library/Java/Extensions:/Network/Library/Java/Extensions:/System/Library/Java/Extensions:/usr/lib/java:. -Djava.runtime.name=Java(TM) SE Runtime Environment -Djava.runtime.version=1.8.0_171-b11 -Djava.specification.name=Java Platform API Specification -Djava.specification.vendor=Oracle Corporation -Djava.specification.version=1.8 -Djava.vendor=Oracle Corporation -Djava.vendor.url=http://java.oracle.com/ -Djava.vendor.url.bug=http://bugreport.sun.com/bugreport/ -Djava.version=1.8.0_171 -Djava.vm.info=mixed mode -Djava.vm.name=Java HotSpot(TM) 64-Bit Server VM -Djava.vm.specification.name=Java Virtual Machine Specification -Djava.vm.specification.vendor=Oracle Corporation -Djava.vm.specification.version=1.8 -Djava.vm.vendor=Oracle Corporation -Djava.vm.version=25.171-b11 -Djdk.reflect.allowGetCallerClass=true -Dlibrary.jansi.path=/Users/rubencancino/.gradle/native/jansi/1.14/osx -Dline.separator=
 -Dorg.gradle.appname=gradlew -Dos.arch=x86_64 -Dos.name=Mac OS X -Dos.version=10.13.6 -Dpath.separator=: -DsocksNonProxyHosts=local|*.local|169.254/16|*.169.254/16 -Dspring.output.ansi.enabled=always -Dspring.profiles.active -Dspringloaded=inclusions=grails.plugins..*;synchronize=true;allowSplitPackages=true;cacheDir=/Users/rubencancino/play/sx-compras/sx-compras-server/build/springloaded -Dsun.arch.data.model=64 -Dsun.boot.class.path=/Users/rubencancino/.sdkman/candidates/java/8.0.171-oracle/jre/lib/resources.jar:/Users/rubencancino/.sdkman/candidates/java/8.0.171-oracle/jre/lib/rt.jar:/Users/rubencancino/.sdkman/candidates/java/8.0.171-oracle/jre/lib/sunrsasign.jar:/Users/rubencancino/.sdkman/candidates/java/8.0.171-oracle/jre/lib/jsse.jar:/Users/rubencancino/.sdkman/candidates/java/8.0.171-oracle/jre/lib/jce.jar:/Users/rubencancino/.sdkman/candidates/java/8.0.171-oracle/jre/lib/charsets.jar:/Users/rubencancino/.sdkman/candidates/java/8.0.171-oracle/jre/lib/jfr.jar:/Users/rubencancino/.sdkman/candidates/java/8.0.171-oracle/jre/classes -Dsun.boot.library.path=/Users/rubencancino/.sdkman/candidates/java/8.0.171-oracle/jre/lib -Dsun.cpu.endian=little -Dsun.cpu.isalist -Dsun.io.unicode.encoding=UnicodeBig -Dsun.jnu.encoding=UTF-8 -Dsun.management.compiler=HotSpot 64-Bit Tiered Compilers -Dsun.os.patch.level=unknown -Duser.dir=/Users/rubencancino/play/sx-compras/sx-compras-server -Duser.home=/Users/rubencancino -Duser.name=rubencancino -Duser.timezone=America/Mexico_City -XX:+TieredCompilation -XX:TieredStopAtLevel=1 -XX:CICompilerCount=3 -javaagent:/Users/rubencancino/.gradle/caches/modules-2/files-2.1/org.springframework/springloaded/1.2.8.RELEASE/b60bac05b0451cdc1863bfec617f39aa0dcaaa43/springloaded-1.2.8.RELEASE.jar -Xverify:none -Xms768m -Xmx1024m -Dfile.encoding=US-ASCII -Djava.io.tmpdir=/var/folders/82/yx6yjw3x06x0n2628smk3tnc0000gn/T/ -Duser.country=MX -Duser.language=es -Duser.variant 
java_command: server.Application
java_class_path (initial): /Users/rubencancino/play/sx-compras/sx-compras-server/src/main/resources:/Users/rubencancino/play/sx-compras/sx-compras-server/grails-app/views:/Users/rubencancino/play/sx-compras/sx-compras-server/grails-app/i18n:/Users/rubencancino/play/sx-compras/sx-compras-server/grails-app/conf:/Users/rubencancino/play/sx-compras/sx-compras-server/build/classes/main:/Users/rubencancino/play/sx-compras/sx-compras-server/build/resources/main:/Users/rubencancino/play/sx-compras/sx-compras-server/build/gson-classes/main:/Users/rubencancino/play/sx-compras/sx-compras-server/gsp-classes:/Users/rubencancino/.gradle/caches/modules-2/files-2.1/org.springframework.boot/spring-boot-starter-logging/1.5.12.RELEASE/88b9a16ff87f0a7faec7848e9a5626ffbbac588f/spring-boot-starter-logging-1.5.12.RELEASE.jar:/Users/rubencancino/.gradle/caches/modules-2/files-2.1/org.springframework.boot/spring-boot-autoconfigure/1.5.12.RELEASE/932ab2609793ebc00576cbae77085bb83e5c9008/spring-boot-autoconfigure-1.5.12.RELEASE.jar:/Users/rubencancino/.gradle/caches/modules-2/files-2.1/org.grails/grails-core/3.3.5/8044ecc48da9a8427953ffb1b7fe0a169b5b75eb/grails-core-3.3.5.jar:/Users/rubencancino/.gradle/caches/modules-2/files-2.1/org.springframework.boot/spring-boot-starter-actuator/1.5.12.RELEASE/492b2762b659ff66970bda22802d06e1b4ce9f5b/spring-boot-starter-actuator-1.5.12.RELEASE.jar:/Users/rubencancino/.gradle/caches/modules-2/files-2.1/org.springframework.boot/spring-boot-starter-tomcat/1.5.12.RELEASE/a4e81f071d2b5a9c9fb5a219b361b683a8eb3d91/spring-boot-starter-tomcat-1.5.12.RELEASE.jar:/Users/rubencancino/.gradle/caches/modules-2/files-2.1/org.grails/grails-plugin-url-mappings/3.3.5/5356c136fe22fea698ee60968abc88cf58cf0fbf/grails-plugin-url-mappings-3.3.5.jar:/Users/rubencancino/.gradle/caches/modules-2/files-2.1/org.grails/grails-plugin-rest/3.3.5/225fd803f4047cf880ec8c16227f38fa0e53d630/grails-plugin-rest-3.3.5.jar:/Users/rubencancino/.gradle/caches/modules-2/files-2.1/org.grails/grai
Launcher Type: SUN_STANDARD

Environment Variables:
JAVA_HOME=/Users/rubencancino/.sdkman/candidates/java/current
PATH=/Users/rubencancino/.sdkman/candidates/java/current/bin:/Users/rubencancino/.sdkman/candidates/groovy/current/bin:/Users/rubencancino/.sdkman/candidates/grails/current/bin:/Users/rubencancino/.sdkman/candidates/gradle/current/bin:/usr/local/bin:/usr/bin:/bin:/usr/sbin:/sbin:/usr/local/mysql/bin
SHELL=/bin/bash

Signal Handlers:
SIGSEGV: [libjvm.dylib+0x5b512d], sa_mask[0]=11111111011111110111111111111111, sa_flags=SA_ONSTACK|SA_RESTART|SA_SIGINFO
SIGBUS: [libjvm.dylib+0x5b512d], sa_mask[0]=11111111011111110111111111111111, sa_flags=SA_RESTART|SA_SIGINFO
SIGFPE: [libjvm.dylib+0x48aa90], sa_mask[0]=11111111011111110111111111111111, sa_flags=SA_RESTART|SA_SIGINFO
SIGPIPE: [libjvm.dylib+0x48aa90], sa_mask[0]=11111111011111110111111111111111, sa_flags=SA_RESTART|SA_SIGINFO
SIGXFSZ: [libjvm.dylib+0x48aa90], sa_mask[0]=11111111011111110111111111111111, sa_flags=SA_RESTART|SA_SIGINFO
SIGILL: [libjvm.dylib+0x48aa90], sa_mask[0]=11111111011111110111111111111111, sa_flags=SA_RESTART|SA_SIGINFO
SIGUSR1: SIG_DFL, sa_mask[0]=11011111011111100000000111000110, sa_flags=none
SIGUSR2: [libjvm.dylib+0x48a5ae], sa_mask[0]=00100000000000000000000000000000, sa_flags=SA_RESTART|SA_SIGINFO
SIGHUP: [libjvm.dylib+0x488b79], sa_mask[0]=11111111011111110111111111111111, sa_flags=SA_RESTART|SA_SIGINFO
SIGINT: [libjvm.dylib+0x488b79], sa_mask[0]=11111111011111110111111111111111, sa_flags=SA_RESTART|SA_SIGINFO
SIGTERM: [libjvm.dylib+0x488b79], sa_mask[0]=11111111011111110111111111111111, sa_flags=SA_RESTART|SA_SIGINFO
SIGQUIT: [libjvm.dylib+0x488b79], sa_mask[0]=11111111011111110111111111111111, sa_flags=SA_RESTART|SA_SIGINFO


---------------  S Y S T E M  ---------------

OS:Bsduname:Darwin 17.7.0 Darwin Kernel Version 17.7.0: Thu Jun 21 22:53:14 PDT 2018; root:xnu-4570.71.2~1/RELEASE_X86_64 x86_64
rlimit: STACK 8192k, CORE 0k, NPROC 709, NOFILE 10240, AS infinity
load average:2.21 2.30 2.27

CPU:total 4 (initial active 4) (4 cores per cpu, 1 threads per core) family 6 model 158 stepping 9, cmov, cx8, fxsr, mmx, sse, sse2, sse3, ssse3, sse4.1, sse4.2, popcnt, avx, avx2, aes, clmul, erms, 3dnowpref, lzcnt, tsc, tscinvbit, bmi1, bmi2, adx

Memory: 4k page, physical 8388608k(16900k free)

/proc/meminfo:


vm_info: Java HotSpot(TM) 64-Bit Server VM (25.171-b11) for bsd-amd64 JRE (1.8.0_171-b11), built on Mar 28 2018 12:50:57 by "java_re" with gcc 4.2.1 (Based on Apple Inc. build 5658) (LLVM build 2336.11.00)

time: Mon Aug  6 12:19:22 2018
elapsed time: 1823 seconds (0d 0h 30m 23s)

